[INFO] Scanning for projects...
[INFO] 
[INFO] --------------------< com.fyp:integration-service >---------------------
[INFO] Building integration-service 0.0.1-SNAPSHOT
[INFO]   from pom.xml
[INFO] --------------------------------[ jar ]---------------------------------
[INFO] 
[INFO] >>> spring-boot:3.3.2:run (default-cli) > test-compile @ integration-service >>>
[INFO] 
[INFO] --- resources:3.4.0:resources (default-resources) @ integration-service ---
[WARNING] Using platform encoding (Cp1252 actually) to copy filtered resources, i.e. build is platform dependent!
[INFO] Copying 1 resource from src\main\resources to target\classes
[INFO] 
[INFO] --- compiler:3.15.0:compile (default-compile) @ integration-service ---
[INFO] Nothing to compile - all classes are up to date.
[INFO] 
[INFO] --- resources:3.4.0:testResources (default-testResources) @ integration-service ---
[WARNING] Using platform encoding (Cp1252 actually) to copy filtered resources, i.e. build is platform dependent!
[INFO] skip non existing resourceDirectory D:\Final Year Project\Project\backend\integration-service\src\test\resources
[INFO] 
[INFO] --- compiler:3.15.0:testCompile (default-testCompile) @ integration-service ---
[INFO] No sources to compile
[INFO] 
[INFO] <<< spring-boot:3.3.2:run (default-cli) < test-compile @ integration-service <<<
[INFO] 
[INFO] 
[INFO] --- spring-boot:3.3.2:run (default-cli) @ integration-service ---
[INFO] Attaching agents: []

  .   ____          _            __ _ _
 /\\ / ___'_ __ _ _(_)_ __  __ _ \ \ \ \
( ( )\___ | '_ | '_| | '_ \/ _` | \ \ \ \
 \\/  ___)| |_)| | | | | || (_| |  ) ) ) )
  '  |____| .__|_| |_|_| |_\__, | / / / /
 =========|_|==============|___/=/_/_/_/

 :: Spring Boot ::                (v3.3.2)

2026-03-30T16:55:44.660+08:00  INFO 20236 --- [           main] c.f.i.IntegrationServiceApplication      : Starting IntegrationServiceApplication using Java 17.0.12 with PID 20236 (D:\Final Year Project\Project\backend\integration-service\target\classes started by USER in D:\Final Year Project\Project\backend\integration-service)
2026-03-30T16:55:44.662+08:00  INFO 20236 --- [           main] c.f.i.IntegrationServiceApplication      : No active profile set, falling back to 1 default profile: "default"
2026-03-30T16:55:46.112+08:00  INFO 20236 --- [           main] o.s.b.w.embedded.tomcat.TomcatWebServer  : Tomcat initialized with port 8085 (http)
2026-03-30T16:55:46.126+08:00  INFO 20236 --- [           main] o.apache.catalina.core.StandardService   : Starting service [Tomcat]
2026-03-30T16:55:46.127+08:00  INFO 20236 --- [           main] o.apache.catalina.core.StandardEngine    : Starting Servlet engine: [Apache Tomcat/10.1.26]
2026-03-30T16:55:46.200+08:00  INFO 20236 --- [           main] o.a.c.c.C.[Tomcat].[localhost].[/]       : Initializing Spring embedded WebApplicationContext
2026-03-30T16:55:46.201+08:00  INFO 20236 --- [           main] w.s.c.ServletWebServerApplicationContext : Root WebApplicationContext: initialization completed in 1290 ms
2026-03-30T16:55:47.127+08:00  INFO 20236 --- [           main] o.s.b.a.e.web.EndpointLinksResolver      : Exposing 1 endpoint beneath base path '/actuator'
2026-03-30T16:55:47.178+08:00  INFO 20236 --- [           main] o.s.b.w.embedded.tomcat.TomcatWebServer  : Tomcat started on port 8085 (http) with context path '/'
2026-03-30T16:55:47.195+08:00  INFO 20236 --- [           main] c.f.i.IntegrationServiceApplication      : Started IntegrationServiceApplication in 2.901 seconds (process running for 3.273)
2026-03-30T16:55:48.262+08:00  INFO 20236 --- [nio-8085-exec-1] o.a.c.c.C.[Tomcat].[localhost].[/]       : Initializing Spring DispatcherServlet 'dispatcherServlet'
2026-03-30T16:55:48.263+08:00  INFO 20236 --- [nio-8085-exec-1] o.s.web.servlet.DispatcherServlet        : Initializing Servlet 'dispatcherServlet'
2026-03-30T16:55:48.265+08:00  INFO 20236 --- [nio-8085-exec-1] o.s.web.servlet.DispatcherServlet        : Completed initialization in 2 ms
