[INFO] Scanning for projects...
[INFO] 
[INFO] ------------------------< com.fyp:auth-service >------------------------
[INFO] Building auth-service 0.0.1-SNAPSHOT
[INFO]   from pom.xml
[INFO] --------------------------------[ jar ]---------------------------------
[INFO] 
[INFO] >>> spring-boot:3.3.2:run (default-cli) > test-compile @ auth-service >>>
[INFO] 
[INFO] --- resources:3.4.0:resources (default-resources) @ auth-service ---
[WARNING] Using platform encoding (Cp1252 actually) to copy filtered resources, i.e. build is platform dependent!
[INFO] Copying 1 resource from src\main\resources to target\classes
[INFO] 
[INFO] --- compiler:3.15.0:compile (default-compile) @ auth-service ---
[INFO] Nothing to compile - all classes are up to date.
[INFO] 
[INFO] --- resources:3.4.0:testResources (default-testResources) @ auth-service ---
[WARNING] Using platform encoding (Cp1252 actually) to copy filtered resources, i.e. build is platform dependent!
[INFO] skip non existing resourceDirectory D:\Final Year Project\Project\backend\auth-service\src\test\resources
[INFO] 
[INFO] --- compiler:3.15.0:testCompile (default-testCompile) @ auth-service ---
[INFO] No sources to compile
[INFO] 
[INFO] <<< spring-boot:3.3.2:run (default-cli) < test-compile @ auth-service <<<
[INFO] 
[INFO] 
[INFO] --- spring-boot:3.3.2:run (default-cli) @ auth-service ---
[INFO] Attaching agents: []

  .   ____          _            __ _ _
 /\\ / ___'_ __ _ _(_)_ __  __ _ \ \ \ \
( ( )\___ | '_ | '_| | '_ \/ _` | \ \ \ \
 \\/  ___)| |_)| | | | | || (_| |  ) ) ) )
  '  |____| .__|_| |_|_| |_\__, | / / / /
 =========|_|==============|___/=/_/_/_/

 :: Spring Boot ::                (v3.3.2)

2026-03-29T18:22:39.320+08:00  INFO 20616 --- [           main] com.fyp.auth.AuthServiceApplication      : Starting AuthServiceApplication using Java 17.0.12 with PID 20616 (D:\Final Year Project\Project\backend\auth-service\target\classes started by USER in D:\Final Year Project\Project\backend\auth-service)
2026-03-29T18:22:39.335+08:00  INFO 20616 --- [           main] com.fyp.auth.AuthServiceApplication      : No active profile set, falling back to 1 default profile: "default"
2026-03-29T18:22:42.618+08:00  INFO 20616 --- [           main] .s.d.r.c.RepositoryConfigurationDelegate : Bootstrapping Spring Data JPA repositories in DEFAULT mode.
2026-03-29T18:22:42.929+08:00  INFO 20616 --- [           main] .s.d.r.c.RepositoryConfigurationDelegate : Finished Spring Data repository scanning in 253 ms. Found 1 JPA repository interface.
2026-03-29T18:22:46.782+08:00  INFO 20616 --- [           main] o.s.b.w.embedded.tomcat.TomcatWebServer  : Tomcat initialized with port 8086 (http)
2026-03-29T18:22:46.815+08:00  INFO 20616 --- [           main] o.apache.catalina.core.StandardService   : Starting service [Tomcat]
2026-03-29T18:22:46.817+08:00  INFO 20616 --- [           main] o.apache.catalina.core.StandardEngine    : Starting Servlet engine: [Apache Tomcat/10.1.26]
2026-03-29T18:22:47.064+08:00  INFO 20616 --- [           main] o.a.c.c.C.[Tomcat].[localhost].[/]       : Initializing Spring embedded WebApplicationContext
2026-03-29T18:22:47.075+08:00  INFO 20616 --- [           main] w.s.c.ServletWebServerApplicationContext : Root WebApplicationContext: initialization completed in 7559 ms
2026-03-29T18:22:48.114+08:00  INFO 20616 --- [           main] o.hibernate.jpa.internal.util.LogHelper  : HHH000204: Processing PersistenceUnitInfo [name: default]
2026-03-29T18:22:48.217+08:00  INFO 20616 --- [           main] org.hibernate.Version                    : HHH000412: Hibernate ORM core version 6.5.2.Final
2026-03-29T18:22:48.275+08:00  INFO 20616 --- [           main] o.h.c.internal.RegionFactoryInitiator    : HHH000026: Second-level cache disabled
2026-03-29T18:22:48.947+08:00  INFO 20616 --- [           main] o.s.o.j.p.SpringPersistenceUnitInfo      : No LoadTimeWeaver setup: ignoring JPA class transformer
2026-03-29T18:22:49.016+08:00  INFO 20616 --- [           main] com.zaxxer.hikari.HikariDataSource       : HikariPool-1 - Starting...
2026-03-29T18:22:49.609+08:00  INFO 20616 --- [           main] com.zaxxer.hikari.pool.HikariPool        : HikariPool-1 - Added connection com.mysql.cj.jdbc.ConnectionImpl@213ceb4e
2026-03-29T18:22:49.620+08:00  INFO 20616 --- [           main] com.zaxxer.hikari.HikariDataSource       : HikariPool-1 - Start completed.
2026-03-29T18:22:52.232+08:00  INFO 20616 --- [           main] o.h.e.t.j.p.i.JtaPlatformInitiator       : HHH000489: No JTA platform available (set 'hibernate.transaction.jta.platform' to enable JTA platform integration)
2026-03-29T18:22:52.311+08:00  INFO 20616 --- [           main] j.LocalContainerEntityManagerFactoryBean : Initialized JPA EntityManagerFactory for persistence unit 'default'
2026-03-29T18:22:53.180+08:00  INFO 20616 --- [           main] r$InitializeUserDetailsManagerConfigurer : Global AuthenticationManager configured with UserDetailsService bean with name userDetailsService
2026-03-29T18:22:54.200+08:00  INFO 20616 --- [           main] o.s.b.a.e.web.EndpointLinksResolver      : Exposing 1 endpoint beneath base path '/actuator'
2026-03-29T18:22:55.317+08:00  INFO 20616 --- [           main] o.s.b.w.embedded.tomcat.TomcatWebServer  : Tomcat started on port 8086 (http) with context path '/'
2026-03-29T18:22:55.377+08:00  INFO 20616 --- [           main] com.fyp.auth.AuthServiceApplication      : Started AuthServiceApplication in 16.998 seconds (process running for 17.876)
2026-03-29T21:46:41.911+08:00  WARN 20616 --- [l-1 housekeeper] com.zaxxer.hikari.pool.HikariPool        : HikariPool-1 - Thread starvation or clock leap detected (housekeeper delta=1h24m50s359ms344µs600ns).
